2022/04/22 11:24:59.037	OrderManager	情報	データベースの読み込みを実行しました（SQL：SELECT Status AS Status ,Order_id AS Order_id ,HG_HG_Delivery_Code AS 運送区分 ,TRIM(TRIM('　' FROM HG_HG_Shipping_ID)) AS 配送ﾓｰﾄﾞ ,TRIM(TRIM('　' FROM Product_Code)) AS 製品ｺｰﾄﾞ ,TRIM(TRIM('　' FROM HG_Product_Name)) AS 品名 ,TRIM(TRIM('　' FROM HG_Volume_Code)) AS 容量ｺｰﾄﾞ ,Number_of_cans AS 缶数 ,TRIM(TRIM('　' FROM FORMAT(Extimated_Date,'MM/dd'))) AS SS出荷予定日 ,TRIM(TRIM('　' FROM Operator_Name)) AS 担当者 ,TRIM(TRIM('　' FROM FORMAT(Delivery_Date,'MM/dd'))) AS 納期 ,TRIM(TRIM('　' FROM HG_Color_Sample)) AS 標準色見本 ,TRIM(TRIM('　' FROM Color_Name)) AS 色名 FROM Orders WHERE HG_SS_Code = '51F' AND Status IN (0, 1, 2, 3, 4)ORDER BY   Status  ,HG_HG_Delivery_Code ）
2022/04/22 11:24:59.046	OrderManager	情報	ボタンをクリックしました（機能：{0}）
2022/04/22 11:24:59.048	OrderManager	情報	ボタンをクリックしました（機能：{0}）
2022/04/22 11:24:59.049	OrderManager	情報	ボタンをクリックしました（機能：{0}）
2022/04/22 11:24:59.050	OrderManager	情報	ボタンをクリックしました（機能：{0}）
2022/04/22 11:24:59.055	OrderManager	情報	主画面の初期化を完了しました
2022/04/22 11:24:59.091	OrderManager	情報	ボタンをクリックしました（機能：{0}）
2022/04/22 11:24:59.111	OrderManager	情報	ボタンをクリックしました（機能：{0}）
2022/04/22 11:25:01.155	OrderManager	情報	ボタンをクリックしました（機能：{0}）
2022/04/22 11:25:01.155	OrderManager	情報	ボタンをクリックしました（機能：{0}）
2022/04/22 11:25:01.188	OrderManager	情報	主画面を開きました
2022/04/22 11:25:46.488	OrderManager	情報	データベースの読み込みを実行しました（SQL：SELECT Status AS Status ,Order_id AS Order_id ,HG_HG_Delivery_Code AS 運送区分 ,TRIM(TRIM('　' FROM HG_HG_Shipping_ID)) AS 配送ﾓｰﾄﾞ ,TRIM(TRIM('　' FROM Product_Code)) AS 製品ｺｰﾄﾞ ,TRIM(TRIM('　' FROM HG_Product_Name)) AS 品名 ,TRIM(TRIM('　' FROM HG_Volume_Code)) AS 容量ｺｰﾄﾞ ,Number_of_cans AS 缶数 ,TRIM(TRIM('　' FROM FORMAT(Extimated_Date,'MM/dd'))) AS SS出荷予定日 ,TRIM(TRIM('　' FROM Operator_Name)) AS 担当者 ,TRIM(TRIM('　' FROM FORMAT(Delivery_Date,'MM/dd'))) AS 納期 ,TRIM(TRIM('　' FROM HG_Color_Sample)) AS 標準色見本 ,TRIM(TRIM('　' FROM Color_Name)) AS 色名 FROM Orders WHERE HG_SS_Code = '51F' AND Status IN (0, 1, 2, 3, 4)ORDER BY   Status  ,HG_HG_Delivery_Code ）
2022/04/22 11:25:46.490	OrderManager	情報	ボタンをクリックしました（機能：{0}）
2022/04/22 11:25:46.491	OrderManager	情報	ボタンをクリックしました（機能：{0}）
2022/04/22 11:25:46.492	OrderManager	情報	ボタンをクリックしました（機能：{0}）
2022/04/22 11:25:46.492	OrderManager	情報	ボタンをクリックしました（機能：{0}）
2022/04/22 11:25:46.497	OrderManager	情報	主画面の初期化を完了しました
2022/04/22 11:25:46.514	OrderManager	情報	ボタンをクリックしました（機能：{0}）
2022/04/22 11:25:46.533	OrderManager	情報	ボタンをクリックしました（機能：{0}）
2022/04/22 11:25:48.517	OrderManager	情報	ボタンをクリックしました（機能：{0}）
2022/04/22 11:25:48.518	OrderManager	情報	ボタンをクリックしました（機能：{0}）
2022/04/22 11:25:48.534	OrderManager	情報	主画面を開きました
2022/04/22 11:25:55.120	OrderManager	情報	ボタンをクリックしました（機能：{0}）
2022/04/22 11:26:01.278	OrderManager	情報	データベースの読み込みを実行しました（SQL：SELECT * FROM Orders WHERE order_id = @orderId）
2022/04/22 11:26:01.344	OrderManager	情報	ボタンをクリックしました（機能：{0}）
2022/04/22 11:26:01.351	OrderManager	情報	ボタンをクリックしました（機能：{0}）
2022/04/22 11:26:07.031	OrderManager	情報	データベースの読み込みを実行しました（SQL：SELECT * FROM Orders WHERE order_id = @orderId）
2022/04/22 11:26:07.036	OrderManager	情報	ボタンをクリックしました（機能：{0}）
2022/04/22 11:26:07.037	OrderManager	情報	ボタンをクリックしました（機能：{0}）
2022/04/22 11:26:07.054	OrderManager	情報	ボタンをクリックしました（機能：{0}）
2022/04/22 11:26:07.243	OrderManager	情報	データベースの読み込みを実行しました（SQL：SELECT * FROM Orders WHERE order_id = @orderId）
2022/04/22 11:26:07.245	OrderManager	情報	ボタンをクリックしました（機能：{0}）
2022/04/22 11:45:31.881	OrderManager	情報	データベースの読み込みを実行しました（SQL：SELECT Status AS Status ,Order_id AS Order_id ,HG_HG_Delivery_Code AS 運送区分 ,TRIM(TRIM('　' FROM HG_HG_Shipping_ID)) AS 配送ﾓｰﾄﾞ ,TRIM(TRIM('　' FROM Product_Code)) AS 製品ｺｰﾄﾞ ,TRIM(TRIM('　' FROM HG_Product_Name)) AS 品名 ,TRIM(TRIM('　' FROM HG_Volume_Code)) AS 容量ｺｰﾄﾞ ,Number_of_cans AS 缶数 ,TRIM(TRIM('　' FROM FORMAT(Extimated_Date,'MM/dd'))) AS SS出荷予定日 ,TRIM(TRIM('　' FROM Operator_Name)) AS 担当者 ,TRIM(TRIM('　' FROM FORMAT(Delivery_Date,'MM/dd'))) AS 納期 ,TRIM(TRIM('　' FROM HG_Color_Sample)) AS 標準色見本 ,TRIM(TRIM('　' FROM Color_Name)) AS 色名 FROM Orders WHERE HG_SS_Code = '51F' AND Status IN (0, 1, 2, 3, 4)ORDER BY   Status  ,HG_HG_Delivery_Code ）
2022/04/22 11:45:31.886	OrderManager	情報	ボタンをクリックしました（機能：{0}）
2022/04/22 11:45:31.889	OrderManager	情報	ボタンをクリックしました（機能：{0}）
2022/04/22 11:45:31.891	OrderManager	情報	ボタンをクリックしました（機能：{0}）
2022/04/22 11:45:31.892	OrderManager	情報	ボタンをクリックしました（機能：{0}）
2022/04/22 11:45:31.900	OrderManager	情報	主画面の初期化を完了しました
2022/04/22 11:45:31.920	OrderManager	情報	ボタンをクリックしました（機能：{0}）
2022/04/22 11:45:31.939	OrderManager	情報	ボタンをクリックしました（機能：{0}）
2022/04/22 11:45:34.020	OrderManager	情報	ボタンをクリックしました（機能：{0}）
2022/04/22 11:45:34.020	OrderManager	情報	ボタンをクリックしました（機能：{0}）
2022/04/22 11:45:34.059	OrderManager	情報	主画面を開きました
2022/04/22 11:50:33.695	OrderManager	情報	データベースの読み込みを実行しました（SQL：SELECT Status AS Status ,Order_id AS Order_id ,HG_HG_Delivery_Code AS 運送区分 ,TRIM(TRIM('　' FROM HG_HG_Shipping_ID)) AS 配送ﾓｰﾄﾞ ,TRIM(TRIM('　' FROM Product_Code)) AS 製品ｺｰﾄﾞ ,TRIM(TRIM('　' FROM HG_Product_Name)) AS 品名 ,TRIM(TRIM('　' FROM HG_Volume_Code)) AS 容量ｺｰﾄﾞ ,Number_of_cans AS 缶数 ,TRIM(TRIM('　' FROM FORMAT(Extimated_Date,'MM/dd'))) AS SS出荷予定日 ,TRIM(TRIM('　' FROM Operator_Name)) AS 担当者 ,TRIM(TRIM('　' FROM FORMAT(Delivery_Date,'MM/dd'))) AS 納期 ,TRIM(TRIM('　' FROM HG_Color_Sample)) AS 標準色見本 ,TRIM(TRIM('　' FROM Color_Name)) AS 色名 FROM Orders WHERE HG_SS_Code = '51F' AND Status IN (0, 1, 2, 3, 4)ORDER BY   Status  ,HG_HG_Delivery_Code ）
2022/04/22 11:50:33.697	OrderManager	情報	ボタンをクリックしました（機能：{0}）
2022/04/22 11:50:33.699	OrderManager	情報	ボタンをクリックしました（機能：{0}）
2022/04/22 11:50:33.700	OrderManager	情報	ボタンをクリックしました（機能：{0}）
2022/04/22 11:50:33.700	OrderManager	情報	ボタンをクリックしました（機能：{0}）
2022/04/22 11:50:33.705	OrderManager	情報	主画面の初期化を完了しました
2022/04/22 11:50:33.724	OrderManager	情報	ボタンをクリックしました（機能：{0}）
2022/04/22 11:50:33.745	OrderManager	情報	ボタンをクリックしました（機能：{0}）
2022/04/22 11:50:36.056	OrderManager	情報	ボタンをクリックしました（機能：{0}）
2022/04/22 11:50:36.057	OrderManager	情報	ボタンをクリックしました（機能：{0}）
2022/04/22 11:50:36.093	OrderManager	情報	主画面を開きました
2022/04/22 13:06:08.607	OrderManager	情報	データベースの読み込みを実行しました（SQL：SELECT Status AS Status ,Order_id AS Order_id ,HG_HG_Delivery_Code AS 運送区分 ,TRIM(TRIM('　' FROM HG_HG_Shipping_ID)) AS 配送ﾓｰﾄﾞ ,TRIM(TRIM('　' FROM Product_Code)) AS 製品ｺｰﾄﾞ ,TRIM(TRIM('　' FROM HG_Product_Name)) AS 品名 ,TRIM(TRIM('　' FROM HG_Volume_Code)) AS 容量ｺｰﾄﾞ ,Number_of_cans AS 缶数 ,TRIM(TRIM('　' FROM FORMAT(Extimated_Date,'MM/dd'))) AS SS出荷予定日 ,TRIM(TRIM('　' FROM Operator_Name)) AS 担当者 ,TRIM(TRIM('　' FROM FORMAT(Delivery_Date,'MM/dd'))) AS 納期 ,TRIM(TRIM('　' FROM HG_Color_Sample)) AS 標準色見本 ,TRIM(TRIM('　' FROM Color_Name)) AS 色名 FROM Orders WHERE HG_SS_Code = '51F' AND Status IN (0, 1, 2, 3, 4)ORDER BY   Status  ,HG_HG_Delivery_Code ）
2022/04/22 13:06:08.610	OrderManager	情報	ボタンをクリックしました（機能：{0}）
2022/04/22 13:06:08.612	OrderManager	情報	ボタンをクリックしました（機能：{0}）
2022/04/22 13:06:08.613	OrderManager	情報	ボタンをクリックしました（機能：{0}）
2022/04/22 13:06:08.613	OrderManager	情報	ボタンをクリックしました（機能：{0}）
2022/04/22 13:06:08.618	OrderManager	情報	主画面の初期化を完了しました
2022/04/22 13:06:08.649	OrderManager	情報	ボタンをクリックしました（機能：{0}）
2022/04/22 13:06:08.664	OrderManager	情報	ボタンをクリックしました（機能：{0}）
2022/04/22 13:06:10.621	OrderManager	情報	ボタンをクリックしました（機能：{0}）
2022/04/22 13:06:10.622	OrderManager	情報	ボタンをクリックしました（機能：{0}）
2022/04/22 13:06:10.673	OrderManager	情報	主画面を開きました
2022/04/22 13:06:12.794	OrderManager	情報	ボタンをクリックしました（機能：{0}）
2022/04/22 13:06:13.357	OrderManager	情報	ボタンをクリックしました（機能：{0}）
2022/04/22 13:06:13.933	OrderManager	情報	ボタンをクリックしました（機能：{0}）
2022/04/22 13:06:36.348	OrderManager	情報	ボタンをクリックしました（機能：{0}）
2022/04/22 13:06:36.356	OrderManager	情報	ボタンをクリックしました（機能：{0}）
2022/04/22 13:06:45.552	OrderManager	情報	ボタンをクリックしました（機能：{0}）
2022/04/22 13:06:45.560	OrderManager	情報	ボタンをクリックしました（機能：{0}）
2022/04/22 13:06:45.579	OrderManager	情報	データベースの読み込みを実行しました（SQL：SELECT * FROM Orders WHERE order_id = @orderId）
2022/04/22 13:06:45.585	OrderManager	情報	ボタンをクリックしました（機能：{0}）
2022/04/22 13:06:45.592	OrderManager	情報	データベースの読み込みを実行しました（SQL：SELECT * FROM Orders WHERE order_id = @orderId）
2022/04/22 13:06:45.595	OrderManager	情報	ボタンをクリックしました（機能：{0}）
2022/04/22 13:06:45.595	OrderManager	情報	ボタンをクリックしました（機能：{0}）
2022/04/22 13:06:45.604	OrderManager	情報	ボタンをクリックしました（機能：{0}）
2022/04/22 13:06:45.619	OrderManager	情報	データベースの読み込みを実行しました（SQL：SELECT * FROM Orders WHERE order_id = @orderId）
2022/04/22 13:06:45.621	OrderManager	情報	ボタンをクリックしました（機能：{0}）
2022/04/22 13:06:45.627	OrderManager	情報	データベースの読み込みを実行しました（SQL：SELECT * FROM Orders WHERE order_id = @orderId）
2022/04/22 13:06:45.629	OrderManager	情報	ボタンをクリックしました（機能：{0}）
2022/04/22 14:13:48.159	OrderManager	情報	データベースの読み込みを実行しました（SQL：SELECT Status AS Status ,Order_id AS Order_id ,HG_HG_Delivery_Code AS 運送区分 ,TRIM(TRIM('　' FROM HG_HG_Shipping_ID)) AS 配送ﾓｰﾄﾞ ,TRIM(TRIM('　' FROM Product_Code)) AS 製品ｺｰﾄﾞ ,TRIM(TRIM('　' FROM HG_Product_Name)) AS 品名 ,TRIM(TRIM('　' FROM HG_Volume_Code)) AS 容量ｺｰﾄﾞ ,Number_of_cans AS 缶数 ,TRIM(TRIM('　' FROM FORMAT(Extimated_Date,'MM/dd'))) AS SS出荷予定日 ,TRIM(TRIM('　' FROM Operator_Name)) AS 担当者 ,TRIM(TRIM('　' FROM FORMAT(Delivery_Date,'MM/dd'))) AS 納期 ,TRIM(TRIM('　' FROM HG_Color_Sample)) AS 標準色見本 ,TRIM(TRIM('　' FROM Color_Name)) AS 色名 FROM Orders WHERE HG_SS_Code = '51F' AND Status IN (0, 1, 2, 3, 4)ORDER BY   Status  ,HG_HG_Delivery_Code ）
2022/04/22 14:13:48.163	OrderManager	情報	ボタンをクリックしました（機能：{0}）
2022/04/22 14:13:48.166	OrderManager	情報	ボタンをクリックしました（機能：{0}）
2022/04/22 14:13:48.166	OrderManager	情報	ボタンをクリックしました（機能：{0}）
2022/04/22 14:13:48.167	OrderManager	情報	ボタンをクリックしました（機能：{0}）
2022/04/22 14:13:48.171	OrderManager	情報	主画面の初期化を完了しました
2022/04/22 14:13:48.205	OrderManager	情報	ボタンをクリックしました（機能：{0}）
2022/04/22 14:13:48.227	OrderManager	情報	ボタンをクリックしました（機能：{0}）
2022/04/22 14:13:50.241	OrderManager	情報	ボタンをクリックしました（機能：{0}）
2022/04/22 14:13:50.241	OrderManager	情報	ボタンをクリックしました（機能：{0}）
2022/04/22 14:13:50.289	OrderManager	情報	主画面を開きました
2022/04/22 14:13:52.198	OrderManager	情報	ボタンをクリックしました（機能：{0}）
2022/04/22 14:13:52.226	OrderManager	情報	データベースの読み込みを実行しました（SQL：SELECT * FROM Orders WHERE order_id = @orderId）
2022/04/22 14:13:52.312	OrderManager	情報	ボタンをクリックしました（機能：{0}）
2022/04/22 14:13:52.317	OrderManager	情報	ボタンをクリックしました（機能：{0}）
2022/04/22 14:13:52.323	OrderManager	情報	データベースの読み込みを実行しました（SQL：SELECT * FROM Orders WHERE order_id = @orderId）
2022/04/22 14:13:52.325	OrderManager	情報	ボタンをクリックしました（機能：{0}）
2022/04/22 14:13:52.325	OrderManager	情報	ボタンをクリックしました（機能：{0}）
2022/04/22 14:13:52.332	OrderManager	情報	ボタンをクリックしました（機能：{0}）
2022/04/22 14:13:52.338	OrderManager	情報	データベースの読み込みを実行しました（SQL：SELECT * FROM Orders WHERE order_id = @orderId）
2022/04/22 14:13:52.341	OrderManager	情報	ボタンをクリックしました（機能：{0}）
2022/04/22 14:13:58.048	OrderManager	情報	ボタンをクリックしました（機能：{0}）
2022/04/22 14:13:58.054	OrderManager	情報	データベースの読み込みを実行しました（SQL：SELECT * FROM Orders WHERE order_id = @orderId）
2022/04/22 14:13:58.600	OrderManager	情報	ボタンをクリックしました（機能：{0}）
2022/04/22 14:13:58.613	OrderManager	情報	データベースの読み込みを実行しました（SQL：SELECT * FROM Orders WHERE order_id = @orderId）
2022/04/22 14:13:59.191	OrderManager	情報	ボタンをクリックしました（機能：{0}）
2022/04/22 14:13:59.196	OrderManager	情報	データベースの読み込みを実行しました（SQL：SELECT * FROM Orders WHERE order_id = @orderId）
2022/04/22 14:14:00.054	OrderManager	情報	ボタンをクリックしました（機能：{0}）
2022/04/22 14:14:00.067	OrderManager	情報	データベースの読み込みを実行しました（SQL：SELECT * FROM Orders WHERE order_id = @orderId）
2022/04/22 14:14:00.970	OrderManager	情報	ボタンをクリックしました（機能：{0}）
2022/04/22 14:14:00.985	OrderManager	情報	データベースの読み込みを実行しました（SQL：SELECT * FROM Orders WHERE order_id = @orderId）
2022/04/22 14:14:02.487	OrderManager	情報	ボタンをクリックしました（機能：{0}）
2022/04/22 14:14:02.514	OrderManager	情報	データベースの読み込みを実行しました（SQL：SELECT * FROM Orders WHERE order_id = @orderId）
2022/04/22 14:14:03.359	OrderManager	情報	ボタンをクリックしました（機能：{0}）
2022/04/22 14:14:03.374	OrderManager	情報	データベースの読み込みを実行しました（SQL：SELECT * FROM Orders WHERE order_id = @orderId）
2022/04/22 14:16:49.837	OrderManager	情報	データベースの読み込みを実行しました（SQL：SELECT Status AS Status ,Order_id AS Order_id ,HG_HG_Delivery_Code AS 運送区分 ,TRIM(TRIM('　' FROM HG_HG_Shipping_ID)) AS 配送ﾓｰﾄﾞ ,TRIM(TRIM('　' FROM Product_Code)) AS 製品ｺｰﾄﾞ ,TRIM(TRIM('　' FROM HG_Product_Name)) AS 品名 ,TRIM(TRIM('　' FROM HG_Volume_Code)) AS 容量ｺｰﾄﾞ ,Number_of_cans AS 缶数 ,TRIM(TRIM('　' FROM FORMAT(Extimated_Date,'MM/dd'))) AS SS出荷予定日 ,TRIM(TRIM('　' FROM Operator_Name)) AS 担当者 ,TRIM(TRIM('　' FROM FORMAT(Delivery_Date,'MM/dd'))) AS 納期 ,TRIM(TRIM('　' FROM HG_Color_Sample)) AS 標準色見本 ,TRIM(TRIM('　' FROM Color_Name)) AS 色名 FROM Orders WHERE HG_SS_Code = '51F' AND Status IN (0, 1, 2, 3, 4)ORDER BY   Status  ,HG_HG_Delivery_Code ）
2022/04/22 14:16:49.839	OrderManager	情報	ボタンをクリックしました（機能：{0}）
2022/04/22 14:16:49.841	OrderManager	情報	ボタンをクリックしました（機能：{0}）
2022/04/22 14:16:49.841	OrderManager	情報	ボタンをクリックしました（機能：{0}）
2022/04/22 14:16:49.842	OrderManager	情報	ボタンをクリックしました（機能：{0}）
2022/04/22 14:16:49.846	OrderManager	情報	主画面の初期化を完了しました
2022/04/22 14:16:49.865	OrderManager	情報	ボタンをクリックしました（機能：{0}）
2022/04/22 14:16:49.886	OrderManager	情報	ボタンをクリックしました（機能：{0}）
2022/04/22 14:16:51.940	OrderManager	情報	ボタンをクリックしました（機能：{0}）
2022/04/22 14:16:51.941	OrderManager	情報	ボタンをクリックしました（機能：{0}）
2022/04/22 14:16:51.975	OrderManager	情報	主画面を開きました
2022/04/22 14:16:53.457	OrderManager	情報	ボタンをクリックしました（機能：{0}）
2022/04/22 14:16:53.469	OrderManager	情報	データベースの読み込みを実行しました（SQL：SELECT * FROM Orders WHERE order_id = @orderId）
2022/04/22 14:16:53.531	OrderManager	情報	ボタンをクリックしました（機能：{0}）
2022/04/22 14:16:53.538	OrderManager	情報	ボタンをクリックしました（機能：{0}）
2022/04/22 14:16:53.544	OrderManager	情報	データベースの読み込みを実行しました（SQL：SELECT * FROM Orders WHERE order_id = @orderId）
2022/04/22 14:16:53.546	OrderManager	情報	ボタンをクリックしました（機能：{0}）
2022/04/22 14:16:53.546	OrderManager	情報	ボタンをクリックしました（機能：{0}）
2022/04/22 14:16:53.554	OrderManager	情報	ボタンをクリックしました（機能：{0}）
2022/04/22 14:16:53.560	OrderManager	情報	データベースの読み込みを実行しました（SQL：SELECT * FROM Orders WHERE order_id = @orderId）
2022/04/22 14:16:53.561	OrderManager	情報	ボタンをクリックしました（機能：{0}）
2022/04/22 14:16:56.546	OrderManager	情報	ボタンをクリックしました（機能：{0}）
2022/04/22 14:16:56.552	OrderManager	情報	データベースの読み込みを実行しました（SQL：SELECT * FROM Orders WHERE order_id = @orderId）
2022/04/22 14:16:57.094	OrderManager	情報	ボタンをクリックしました（機能：{0}）
2022/04/22 14:16:57.103	OrderManager	情報	データベースの読み込みを実行しました（SQL：SELECT * FROM Orders WHERE order_id = @orderId）
2022/04/22 14:16:58.141	OrderManager	情報	ボタンをクリックしました（機能：{0}）
2022/04/22 14:16:58.149	OrderManager	情報	データベースの読み込みを実行しました（SQL：SELECT * FROM Orders WHERE order_id = @orderId）
2022/04/22 14:16:58.739	OrderManager	情報	ボタンをクリックしました（機能：{0}）
2022/04/22 14:16:58.746	OrderManager	情報	データベースの読み込みを実行しました（SQL：SELECT * FROM Orders WHERE order_id = @orderId）
2022/04/22 14:16:59.285	OrderManager	情報	ボタンをクリックしました（機能：{0}）
2022/04/22 14:16:59.295	OrderManager	情報	データベースの読み込みを実行しました（SQL：SELECT * FROM Orders WHERE order_id = @orderId）
2022/04/22 14:17:00.045	OrderManager	情報	ボタンをクリックしました（機能：{0}）
2022/04/22 14:17:00.060	OrderManager	情報	データベースの読み込みを実行しました（SQL：SELECT * FROM Orders WHERE order_id = @orderId）
2022/04/22 14:17:01.714	OrderManager	情報	ボタンをクリックしました（機能：{0}）
2022/04/22 14:17:01.729	OrderManager	情報	データベースの読み込みを実行しました（SQL：SELECT * FROM Orders WHERE order_id = @orderId）
2022/04/22 14:17:02.219	OrderManager	情報	ボタンをクリックしました（機能：{0}）
2022/04/22 14:17:02.232	OrderManager	情報	データベースの読み込みを実行しました（SQL：SELECT * FROM Orders WHERE order_id = @orderId）
2022/04/22 14:17:02.871	OrderManager	情報	ボタンをクリックしました（機能：{0}）
2022/04/22 14:17:02.887	OrderManager	情報	データベースの読み込みを実行しました（SQL：SELECT * FROM Orders WHERE order_id = @orderId）
2022/04/22 14:27:41.944	OrderManager	情報	ボタンをクリックしました（機能：{0}）
2022/04/22 14:27:50.049	OrderManager	情報	データベースの読み込みを実行しました（SQL：SELECT * FROM Orders WHERE order_id = @orderId）
2022/04/22 14:27:50.098	OrderManager	情報	ボタンをクリックしました（機能：{0}）
2022/04/22 14:27:57.512	OrderManager	情報	データベースの読み込みを実行しました（SQL：SELECT * FROM Orders WHERE order_id = @orderId）
2022/04/22 14:27:58.997	OrderManager	情報	ボタンをクリックしました（機能：{0}）
2022/04/22 14:28:06.374	OrderManager	情報	データベースの読み込みを実行しました（SQL：SELECT * FROM Orders WHERE order_id = @orderId）
2022/04/22 14:28:16.279	OrderManager	情報	データベースの読み込みを実行しました（SQL：SELECT Status AS Status ,Order_id AS Order_id ,HG_HG_Delivery_Code AS 運送区分 ,TRIM(TRIM('　' FROM HG_HG_Shipping_ID)) AS 配送ﾓｰﾄﾞ ,TRIM(TRIM('　' FROM Product_Code)) AS 製品ｺｰﾄﾞ ,TRIM(TRIM('　' FROM HG_Product_Name)) AS 品名 ,TRIM(TRIM('　' FROM HG_Volume_Code)) AS 容量ｺｰﾄﾞ ,Number_of_cans AS 缶数 ,TRIM(TRIM('　' FROM FORMAT(Extimated_Date,'MM/dd'))) AS SS出荷予定日 ,TRIM(TRIM('　' FROM Operator_Name)) AS 担当者 ,TRIM(TRIM('　' FROM FORMAT(Delivery_Date,'MM/dd'))) AS 納期 ,TRIM(TRIM('　' FROM HG_Color_Sample)) AS 標準色見本 ,TRIM(TRIM('　' FROM Color_Name)) AS 色名 FROM Orders WHERE HG_SS_Code = '51F' AND Status IN (0, 1, 2, 3, 4)ORDER BY   Status  ,HG_HG_Delivery_Code ）
2022/04/22 14:28:16.285	OrderManager	情報	ボタンをクリックしました（機能：{0}）
2022/04/22 14:28:16.288	OrderManager	情報	ボタンをクリックしました（機能：{0}）
2022/04/22 14:28:16.289	OrderManager	情報	ボタンをクリックしました（機能：{0}）
2022/04/22 14:28:16.290	OrderManager	情報	ボタンをクリックしました（機能：{0}）
2022/04/22 14:28:16.297	OrderManager	情報	主画面の初期化を完了しました
2022/04/22 14:28:16.316	OrderManager	情報	ボタンをクリックしました（機能：{0}）
2022/04/22 14:28:16.334	OrderManager	情報	ボタンをクリックしました（機能：{0}）
2022/04/22 14:28:18.426	OrderManager	情報	ボタンをクリックしました（機能：{0}）
2022/04/22 14:28:18.427	OrderManager	情報	ボタンをクリックしました（機能：{0}）
2022/04/22 14:28:18.448	OrderManager	情報	主画面を開きました
2022/04/22 14:28:20.347	OrderManager	情報	ボタンをクリックしました（機能：{0}）
2022/04/22 14:28:28.490	OrderManager	情報	データベースの読み込みを実行しました（SQL：SELECT * FROM Orders WHERE order_id = @orderId）
2022/04/22 14:28:28.531	OrderManager	情報	ボタンをクリックしました（機能：{0}）
2022/04/22 14:28:28.537	OrderManager	情報	ボタンをクリックしました（機能：{0}）
2022/04/22 14:28:35.072	OrderManager	情報	データベースの読み込みを実行しました（SQL：SELECT * FROM Orders WHERE order_id = @orderId）
2022/04/22 14:28:35.074	OrderManager	情報	ボタンをクリックしました（機能：{0}）
2022/04/22 14:28:35.074	OrderManager	情報	ボタンをクリックしました（機能：{0}）
2022/04/22 14:28:35.081	OrderManager	情報	ボタンをクリックしました（機能：{0}）
2022/04/22 14:28:56.960	OrderManager	情報	データベースの読み込みを実行しました（SQL：SELECT Status AS Status ,Order_id AS Order_id ,HG_HG_Delivery_Code AS 運送区分 ,TRIM(TRIM('　' FROM HG_HG_Shipping_ID)) AS 配送ﾓｰﾄﾞ ,TRIM(TRIM('　' FROM Product_Code)) AS 製品ｺｰﾄﾞ ,TRIM(TRIM('　' FROM HG_Product_Name)) AS 品名 ,TRIM(TRIM('　' FROM HG_Volume_Code)) AS 容量ｺｰﾄﾞ ,Number_of_cans AS 缶数 ,TRIM(TRIM('　' FROM FORMAT(Extimated_Date,'MM/dd'))) AS SS出荷予定日 ,TRIM(TRIM('　' FROM Operator_Name)) AS 担当者 ,TRIM(TRIM('　' FROM FORMAT(Delivery_Date,'MM/dd'))) AS 納期 ,TRIM(TRIM('　' FROM HG_Color_Sample)) AS 標準色見本 ,TRIM(TRIM('　' FROM Color_Name)) AS 色名 FROM Orders WHERE HG_SS_Code = '51F' AND Status IN (0, 1, 2, 3, 4)ORDER BY   Status  ,HG_HG_Delivery_Code ）
2022/04/22 14:28:56.965	OrderManager	情報	ボタンをクリックしました（機能：{0}）
2022/04/22 14:28:56.967	OrderManager	情報	ボタンをクリックしました（機能：{0}）
2022/04/22 14:28:56.968	OrderManager	情報	ボタンをクリックしました（機能：{0}）
2022/04/22 14:28:56.969	OrderManager	情報	ボタンをクリックしました（機能：{0}）
2022/04/22 14:28:56.976	OrderManager	情報	主画面の初期化を完了しました
2022/04/22 14:28:56.998	OrderManager	情報	ボタンをクリックしました（機能：{0}）
2022/04/22 14:28:57.019	OrderManager	情報	ボタンをクリックしました（機能：{0}）
2022/04/22 14:28:59.104	OrderManager	情報	ボタンをクリックしました（機能：{0}）
2022/04/22 14:28:59.105	OrderManager	情報	ボタンをクリックしました（機能：{0}）
2022/04/22 14:28:59.128	OrderManager	情報	主画面を開きました
2022/04/22 14:29:01.069	OrderManager	情報	ボタンをクリックしました（機能：{0}）
2022/04/22 14:29:08.191	OrderManager	情報	データベースの読み込みを実行しました（SQL：SELECT * FROM Orders WHERE order_id = @orderId）
2022/04/22 14:29:08.228	OrderManager	情報	ボタンをクリックしました（機能：{0}）
2022/04/22 14:29:08.236	OrderManager	情報	ボタンをクリックしました（機能：{0}）
2022/04/22 14:29:14.559	OrderManager	情報	データベースの読み込みを実行しました（SQL：SELECT * FROM Orders WHERE order_id = @orderId）
2022/04/22 14:29:14.560	OrderManager	情報	ボタンをクリックしました（機能：{0}）
2022/04/22 14:29:14.560	OrderManager	情報	ボタンをクリックしました（機能：{0}）
2022/04/22 14:29:14.567	OrderManager	情報	ボタンをクリックしました（機能：{0}）
2022/04/22 14:29:21.265	OrderManager	情報	データベースの読み込みを実行しました（SQL：SELECT * FROM Orders WHERE order_id = @orderId）
2022/04/22 14:29:21.266	OrderManager	情報	ボタンをクリックしました（機能：{0}）
2022/04/22 14:29:26.196	OrderManager	情報	ボタンをクリックしました（機能：{0}）
2022/04/22 14:29:33.072	OrderManager	情報	データベースの読み込みを実行しました（SQL：SELECT * FROM Orders WHERE order_id = @orderId）
2022/04/22 14:29:50.852	OrderManager	情報	データベースの読み込みを実行しました（SQL：SELECT Status AS Status ,Order_id AS Order_id ,HG_HG_Delivery_Code AS 運送区分 ,TRIM(TRIM('　' FROM HG_HG_Shipping_ID)) AS 配送ﾓｰﾄﾞ ,TRIM(TRIM('　' FROM Product_Code)) AS 製品ｺｰﾄﾞ ,TRIM(TRIM('　' FROM HG_Product_Name)) AS 品名 ,TRIM(TRIM('　' FROM HG_Volume_Code)) AS 容量ｺｰﾄﾞ ,Number_of_cans AS 缶数 ,TRIM(TRIM('　' FROM FORMAT(Extimated_Date,'MM/dd'))) AS SS出荷予定日 ,TRIM(TRIM('　' FROM Operator_Name)) AS 担当者 ,TRIM(TRIM('　' FROM FORMAT(Delivery_Date,'MM/dd'))) AS 納期 ,TRIM(TRIM('　' FROM HG_Color_Sample)) AS 標準色見本 ,TRIM(TRIM('　' FROM Color_Name)) AS 色名 FROM Orders WHERE HG_SS_Code = '51F' AND Status IN (0, 1, 2, 3, 4)ORDER BY   Status  ,HG_HG_Delivery_Code ）
2022/04/22 14:29:50.855	OrderManager	情報	ボタンをクリックしました（機能：{0}）
2022/04/22 14:29:50.856	OrderManager	情報	ボタンをクリックしました（機能：{0}）
2022/04/22 14:29:50.857	OrderManager	情報	ボタンをクリックしました（機能：{0}）
2022/04/22 14:29:50.857	OrderManager	情報	ボタンをクリックしました（機能：{0}）
2022/04/22 14:29:50.863	OrderManager	情報	主画面の初期化を完了しました
2022/04/22 14:29:50.880	OrderManager	情報	ボタンをクリックしました（機能：{0}）
2022/04/22 14:29:50.898	OrderManager	情報	ボタンをクリックしました（機能：{0}）
2022/04/22 14:29:52.918	OrderManager	情報	ボタンをクリックしました（機能：{0}）
2022/04/22 14:29:52.919	OrderManager	情報	ボタンをクリックしました（機能：{0}）
2022/04/22 14:29:52.938	OrderManager	情報	主画面を開きました
2022/04/22 14:29:54.869	OrderManager	情報	ボタンをクリックしました（機能：{0}）
2022/04/22 14:29:59.857	OrderManager	情報	データベースの読み込みを実行しました（SQL：SELECT * FROM Orders WHERE order_id = @orderId）
2022/04/22 14:29:59.950	OrderManager	情報	ボタンをクリックしました（機能：{0}）
2022/04/22 14:29:59.961	OrderManager	情報	ボタンをクリックしました（機能：{0}）
2022/04/22 14:30:06.672	OrderManager	情報	データベースの読み込みを実行しました（SQL：SELECT * FROM Orders WHERE order_id = @orderId）
2022/04/22 14:30:06.674	OrderManager	情報	ボタンをクリックしました（機能：{0}）
2022/04/22 14:30:06.674	OrderManager	情報	ボタンをクリックしました（機能：{0}）
2022/04/22 14:30:06.682	OrderManager	情報	ボタンをクリックしました（機能：{0}）
2022/04/22 14:30:14.307	OrderManager	情報	データベースの読み込みを実行しました（SQL：SELECT * FROM Orders WHERE order_id = @orderId）
2022/04/22 14:30:14.309	OrderManager	情報	ボタンをクリックしました（機能：{0}）
2022/04/22 14:30:18.581	OrderManager	情報	ボタンをクリックしました（機能：{0}）
2022/04/22 14:30:27.242	OrderManager	情報	データベースの読み込みを実行しました（SQL：SELECT * FROM Orders WHERE order_id = @orderId）
2022/04/22 14:49:33.228	OrderManager	情報	データベースの読み込みを実行しました（SQL：SELECT Status AS Status ,Order_id AS Order_id ,HG_HG_Delivery_Code AS 運送区分 ,TRIM(TRIM('　' FROM HG_HG_Shipping_ID)) AS 配送ﾓｰﾄﾞ ,TRIM(TRIM('　' FROM Product_Code)) AS 製品ｺｰﾄﾞ ,TRIM(TRIM('　' FROM HG_Product_Name)) AS 品名 ,TRIM(TRIM('　' FROM HG_Volume_Code)) AS 容量ｺｰﾄﾞ ,Number_of_cans AS 缶数 ,TRIM(TRIM('　' FROM FORMAT(Extimated_Date,'MM/dd'))) AS SS出荷予定日 ,TRIM(TRIM('　' FROM Operator_Name)) AS 担当者 ,TRIM(TRIM('　' FROM FORMAT(Delivery_Date,'MM/dd'))) AS 納期 ,TRIM(TRIM('　' FROM HG_Color_Sample)) AS 標準色見本 ,TRIM(TRIM('　' FROM Color_Name)) AS 色名 FROM Orders WHERE HG_SS_Code = '51F' AND Status IN (0, 1, 2, 3, 4)ORDER BY   Status  ,HG_HG_Delivery_Code ）
2022/04/22 14:49:33.230	OrderManager	情報	ボタンをクリックしました（機能：{0}）
2022/04/22 14:49:33.232	OrderManager	情報	ボタンをクリックしました（機能：{0}）
2022/04/22 14:49:33.232	OrderManager	情報	ボタンをクリックしました（機能：{0}）
2022/04/22 14:49:33.233	OrderManager	情報	ボタンをクリックしました（機能：{0}）
2022/04/22 14:49:33.237	OrderManager	情報	主画面の初期化を完了しました
2022/04/22 14:49:33.269	OrderManager	情報	ボタンをクリックしました（機能：{0}）
2022/04/22 14:49:33.287	OrderManager	情報	ボタンをクリックしました（機能：{0}）
2022/04/22 14:49:35.271	OrderManager	情報	ボタンをクリックしました（機能：{0}）
2022/04/22 14:49:35.272	OrderManager	情報	ボタンをクリックしました（機能：{0}）
2022/04/22 14:49:35.306	OrderManager	情報	主画面を開きました
2022/04/22 14:49:37.456	OrderManager	情報	ボタンをクリックしました（機能：{0}）
2022/04/22 14:49:42.751	OrderManager	情報	データベースの読み込みを実行しました（SQL：SELECT * FROM Orders WHERE order_id = @orderId）
2022/04/22 14:49:42.830	OrderManager	情報	ボタンをクリックしました（機能：{0}）
2022/04/22 14:49:42.837	OrderManager	情報	ボタンをクリックしました（機能：{0}）
2022/04/22 14:49:42.882	OrderManager	情報	データベースの読み込みを実行しました（SQL：SELECT * FROM Orders WHERE order_id = @orderId）
2022/04/22 14:49:42.883	OrderManager	情報	ボタンをクリックしました（機能：{0}）
2022/04/22 14:49:42.884	OrderManager	情報	ボタンをクリックしました（機能：{0}）
2022/04/22 14:49:42.890	OrderManager	情報	ボタンをクリックしました（機能：{0}）
2022/04/22 14:49:42.895	OrderManager	情報	データベースの読み込みを実行しました（SQL：SELECT * FROM Orders WHERE order_id = @orderId）
2022/04/22 14:49:42.896	OrderManager	情報	ボタンをクリックしました（機能：{0}）
2022/04/22 14:49:52.796	OrderManager	情報	ボタンをクリックしました（機能：{0}）
2022/04/22 14:49:53.635	OrderManager	情報	ボタンをクリックしました（機能：{0}）
2022/04/22 14:49:57.147	OrderManager	情報	ボタンをクリックしました（機能：{0}）
2022/04/22 14:49:58.075	OrderManager	情報	ボタンをクリックしました（機能：{0}）
2022/04/22 15:07:40.940	OrderManager	情報	データベースの読み込みを実行しました（SQL：SELECT Status AS Status ,Order_id AS Order_id ,HG_HG_Delivery_Code AS 運送区分 ,TRIM(TRIM('　' FROM HG_HG_Shipping_ID)) AS 配送ﾓｰﾄﾞ ,TRIM(TRIM('　' FROM Product_Code)) AS 製品ｺｰﾄﾞ ,TRIM(TRIM('　' FROM HG_Product_Name)) AS 品名 ,TRIM(TRIM('　' FROM HG_Volume_Code)) AS 容量ｺｰﾄﾞ ,Number_of_cans AS 缶数 ,TRIM(TRIM('　' FROM FORMAT(Extimated_Date,'MM/dd'))) AS SS出荷予定日 ,TRIM(TRIM('　' FROM Operator_Name)) AS 担当者 ,TRIM(TRIM('　' FROM FORMAT(Delivery_Date,'MM/dd'))) AS 納期 ,TRIM(TRIM('　' FROM HG_Color_Sample)) AS 標準色見本 ,TRIM(TRIM('　' FROM Color_Name)) AS 色名 FROM Orders WHERE HG_SS_Code = '51F' AND Status IN (0, 1, 2, 3, 4)ORDER BY   Status  ,HG_HG_Delivery_Code ）
2022/04/22 15:07:40.943	OrderManager	情報	ボタンをクリックしました（機能：{0}）
2022/04/22 15:07:40.945	OrderManager	情報	ボタンをクリックしました（機能：{0}）
2022/04/22 15:07:40.945	OrderManager	情報	ボタンをクリックしました（機能：{0}）
2022/04/22 15:07:40.946	OrderManager	情報	ボタンをクリックしました（機能：{0}）
2022/04/22 15:07:40.950	OrderManager	情報	主画面の初期化を完了しました
2022/04/22 15:07:40.985	OrderManager	情報	ボタンをクリックしました（機能：{0}）
2022/04/22 15:07:41.004	OrderManager	情報	ボタンをクリックしました（機能：{0}）
2022/04/22 15:07:42.957	OrderManager	情報	ボタンをクリックしました（機能：{0}）
2022/04/22 15:07:42.958	OrderManager	情報	ボタンをクリックしました（機能：{0}）
2022/04/22 15:07:42.991	OrderManager	情報	主画面を開きました
2022/04/22 15:13:29.187	OrderManager	情報	データベースの読み込みを実行しました（SQL：SELECT Status AS Status ,Order_id AS Order_id ,HG_HG_Delivery_Code AS 運送区分 ,TRIM(TRIM('　' FROM HG_HG_Shipping_ID)) AS 配送ﾓｰﾄﾞ ,TRIM(TRIM('　' FROM Product_Code)) AS 製品ｺｰﾄﾞ ,TRIM(TRIM('　' FROM HG_Product_Name)) AS 品名 ,TRIM(TRIM('　' FROM HG_Volume_Code)) AS 容量ｺｰﾄﾞ ,Number_of_cans AS 缶数 ,TRIM(TRIM('　' FROM FORMAT(Extimated_Date,'MM/dd'))) AS SS出荷予定日 ,TRIM(TRIM('　' FROM Operator_Name)) AS 担当者 ,TRIM(TRIM('　' FROM FORMAT(Delivery_Date,'MM/dd'))) AS 納期 ,TRIM(TRIM('　' FROM HG_Color_Sample)) AS 標準色見本 ,TRIM(TRIM('　' FROM Color_Name)) AS 色名 FROM Orders WHERE HG_SS_Code = '51F' AND Status IN (0, 1, 2, 3, 4)ORDER BY   Status  ,HG_HG_Delivery_Code ）
2022/04/22 15:13:29.189	OrderManager	情報	ボタンをクリックしました（機能：{0}）
2022/04/22 15:13:29.193	OrderManager	情報	ボタンをクリックしました（機能：{0}）
2022/04/22 15:13:29.195	OrderManager	情報	ボタンをクリックしました（機能：{0}）
2022/04/22 15:13:29.196	OrderManager	情報	ボタンをクリックしました（機能：{0}）
2022/04/22 15:13:29.203	OrderManager	情報	主画面の初期化を完了しました
2022/04/22 15:13:29.225	OrderManager	情報	ボタンをクリックしました（機能：{0}）
2022/04/22 15:13:29.244	OrderManager	情報	ボタンをクリックしました（機能：{0}）
2022/04/22 15:13:31.258	OrderManager	情報	ボタンをクリックしました（機能：{0}）
2022/04/22 15:13:31.258	OrderManager	情報	ボタンをクリックしました（機能：{0}）
2022/04/22 15:13:31.289	OrderManager	情報	主画面を開きました
2022/04/22 15:13:59.212	OrderManager	情報	ボタンをクリックしました（機能：{0}）
2022/04/22 15:13:59.224	OrderManager	情報	データベースの読み込みを実行しました（SQL：SELECT * FROM Orders WHERE order_id = @orderId）
2022/04/22 15:13:59.304	OrderManager	情報	ボタンをクリックしました（機能：{0}）
2022/04/22 15:13:59.311	OrderManager	情報	ボタンをクリックしました（機能：{0}）
2022/04/22 15:13:59.316	OrderManager	情報	データベースの読み込みを実行しました（SQL：SELECT * FROM Orders WHERE order_id = @orderId）
2022/04/22 15:13:59.317	OrderManager	情報	ボタンをクリックしました（機能：{0}）
2022/04/22 15:13:59.318	OrderManager	情報	ボタンをクリックしました（機能：{0}）
2022/04/22 15:13:59.325	OrderManager	情報	ボタンをクリックしました（機能：{0}）
2022/04/22 15:13:59.330	OrderManager	情報	データベースの読み込みを実行しました（SQL：SELECT * FROM Orders WHERE order_id = @orderId）
2022/04/22 15:13:59.331	OrderManager	情報	ボタンをクリックしました（機能：{0}）
2022/04/22 15:17:06.615	OrderManager	情報	データベースの読み込みを実行しました（SQL：SELECT Status AS Status ,Order_id AS Order_id ,HG_HG_Delivery_Code AS 運送区分 ,TRIM(TRIM('　' FROM HG_HG_Shipping_ID)) AS 配送ﾓｰﾄﾞ ,TRIM(TRIM('　' FROM Product_Code)) AS 製品ｺｰﾄﾞ ,TRIM(TRIM('　' FROM HG_Product_Name)) AS 品名 ,TRIM(TRIM('　' FROM HG_Volume_Code)) AS 容量ｺｰﾄﾞ ,Number_of_cans AS 缶数 ,TRIM(TRIM('　' FROM FORMAT(Extimated_Date,'MM/dd'))) AS SS出荷予定日 ,TRIM(TRIM('　' FROM Operator_Name)) AS 担当者 ,TRIM(TRIM('　' FROM FORMAT(Delivery_Date,'MM/dd'))) AS 納期 ,TRIM(TRIM('　' FROM HG_Color_Sample)) AS 標準色見本 ,TRIM(TRIM('　' FROM Color_Name)) AS 色名 FROM Orders WHERE HG_SS_Code = '51F' AND Status IN (0, 1, 2, 3, 4)ORDER BY   Status  ,HG_HG_Delivery_Code ）
2022/04/22 15:17:06.617	OrderManager	情報	ボタンをクリックしました（機能：{0}）
2022/04/22 15:17:06.619	OrderManager	情報	ボタンをクリックしました（機能：{0}）
2022/04/22 15:17:06.619	OrderManager	情報	ボタンをクリックしました（機能：{0}）
2022/04/22 15:17:06.620	OrderManager	情報	ボタンをクリックしました（機能：{0}）
2022/04/22 15:17:06.626	OrderManager	情報	主画面の初期化を完了しました
2022/04/22 15:17:06.646	OrderManager	情報	ボタンをクリックしました（機能：{0}）
2022/04/22 15:17:06.665	OrderManager	情報	ボタンをクリックしました（機能：{0}）
2022/04/22 15:17:08.606	OrderManager	情報	ボタンをクリックしました（機能：{0}）
2022/04/22 15:17:08.607	OrderManager	情報	ボタンをクリックしました（機能：{0}）
2022/04/22 15:17:08.636	OrderManager	情報	主画面を開きました
2022/04/22 15:17:10.204	OrderManager	情報	ボタンをクリックしました（機能：{0}）
2022/04/22 15:17:10.213	OrderManager	情報	データベースの読み込みを実行しました（SQL：SELECT * FROM Orders WHERE order_id = @orderId）
2022/04/22 15:17:10.278	OrderManager	情報	ボタンをクリックしました（機能：{0}）
2022/04/22 15:17:10.285	OrderManager	情報	ボタンをクリックしました（機能：{0}）
2022/04/22 15:17:10.289	OrderManager	情報	データベースの読み込みを実行しました（SQL：SELECT * FROM Orders WHERE order_id = @orderId）
2022/04/22 15:17:10.291	OrderManager	情報	ボタンをクリックしました（機能：{0}）
2022/04/22 15:17:10.291	OrderManager	情報	ボタンをクリックしました（機能：{0}）
2022/04/22 15:17:10.298	OrderManager	情報	ボタンをクリックしました（機能：{0}）
2022/04/22 15:17:10.303	OrderManager	情報	データベースの読み込みを実行しました（SQL：SELECT * FROM Orders WHERE order_id = @orderId）
2022/04/22 15:17:10.305	OrderManager	情報	ボタンをクリックしました（機能：{0}）
