  pch.cpp
  csInterface.cpp
  dllmain.cpp
  ecode.cpp
  filename.cpp
  ftpcmd.cpp
  ftplog.cpp
  ftpseq.cpp
  ftpsocket.cpp
  ftpsocket_ctrl.cpp
  ftpsocket_tran.cpp
  logmsg.cpp
  order.cpp
C:\Users\satou\Documents\GitHub\nippon_paint\ftpDLL\order.cpp(520,22): warning C4244: '=': 'std::streamoff' から 'int' への変換です。データが失われる可能性があります。
  params.cpp
  reply.cpp
  seqcdup.cpp
  seqcwd.cpp
  seqlist.cpp
  seqlogin.cpp
  seqlogout.cpp
  seqnlst.cpp
  コードを生成中...
  コンパイル中...
  seqpasv.cpp
  seqport.cpp
  seqpwd.cpp
  seqrestart.cpp
  seqretr.cpp
  seqstor.cpp
  seqstor2.cpp
  seqsyst.cpp
  seqtype.cpp
  seqwaiting.cpp
  thr_function.cpp
  thr_launcher.cpp
  thr_semaphore.cpp
  util_file.cpp
  util_findfile.cpp
C:\Users\satou\Documents\GitHub\nippon_paint\ftpDLL\util_findfile.cpp(336,22): warning C4244: '=': 'std::streamoff' から 'int' への変換です。データが失われる可能性があります。
  util_fullpath.cpp
  util_localtime.cpp
  util_mktime.cpp
  util_orderstr.cpp
  util_strtok.cpp
  コードを生成中...
  コンパイル中...
  winec.cpp
  コードを生成中...
     ライブラリ C:\Users\satou\Documents\GitHub\nippon_paint\x64\Debug\ftpDLL.lib とオブジェクト C:\Users\satou\Documents\GitHub\nippon_paint\x64\Debug\ftpDLL.exp を作成中
  ftpDLL.vcxproj -> C:\Users\satou\Documents\GitHub\nippon_paint\x64\Debug\ftpDLL.dll
