c:\users\satou\documents\github\nippon_paint\ftpdll\x64\debug\ftpdll.pch
c:\users\satou\documents\github\nippon_paint\ftpdll\x64\debug\vc143.pdb
c:\users\satou\documents\github\nippon_paint\ftpdll\x64\debug\vc143.idb
c:\users\satou\documents\github\nippon_paint\ftpdll\x64\debug\pch.obj
c:\users\satou\documents\github\nippon_paint\ftpdll\x64\debug\seqnlst.obj
c:\users\satou\documents\github\nippon_paint\ftpdll\x64\debug\seqlogout.obj
c:\users\satou\documents\github\nippon_paint\ftpdll\x64\debug\seqlogin.obj
c:\users\satou\documents\github\nippon_paint\ftpdll\x64\debug\seqlist.obj
c:\users\satou\documents\github\nippon_paint\ftpdll\x64\debug\seqcwd.obj
c:\users\satou\documents\github\nippon_paint\ftpdll\x64\debug\seqcdup.obj
c:\users\satou\documents\github\nippon_paint\ftpdll\x64\debug\reply.obj
c:\users\satou\documents\github\nippon_paint\ftpdll\x64\debug\params.obj
c:\users\satou\documents\github\nippon_paint\ftpdll\x64\debug\order.obj
c:\users\satou\documents\github\nippon_paint\ftpdll\x64\debug\logmsg.obj
c:\users\satou\documents\github\nippon_paint\ftpdll\x64\debug\ftpsocket_tran.obj
c:\users\satou\documents\github\nippon_paint\ftpdll\x64\debug\ftpsocket_ctrl.obj
c:\users\satou\documents\github\nippon_paint\ftpdll\x64\debug\ftpsocket.obj
c:\users\satou\documents\github\nippon_paint\ftpdll\x64\debug\ftpseq.obj
c:\users\satou\documents\github\nippon_paint\ftpdll\x64\debug\ftplog.obj
c:\users\satou\documents\github\nippon_paint\ftpdll\x64\debug\ftpcmd.obj
c:\users\satou\documents\github\nippon_paint\ftpdll\x64\debug\filename.obj
c:\users\satou\documents\github\nippon_paint\ftpdll\x64\debug\ecode.obj
c:\users\satou\documents\github\nippon_paint\ftpdll\x64\debug\dllmain.obj
c:\users\satou\documents\github\nippon_paint\ftpdll\x64\debug\csinterface.obj
c:\users\satou\documents\github\nippon_paint\ftpdll\x64\debug\util_strtok.obj
c:\users\satou\documents\github\nippon_paint\ftpdll\x64\debug\util_orderstr.obj
c:\users\satou\documents\github\nippon_paint\ftpdll\x64\debug\util_mktime.obj
c:\users\satou\documents\github\nippon_paint\ftpdll\x64\debug\util_localtime.obj
c:\users\satou\documents\github\nippon_paint\ftpdll\x64\debug\util_fullpath.obj
c:\users\satou\documents\github\nippon_paint\ftpdll\x64\debug\util_findfile.obj
c:\users\satou\documents\github\nippon_paint\ftpdll\x64\debug\util_file.obj
c:\users\satou\documents\github\nippon_paint\ftpdll\x64\debug\thr_semaphore.obj
c:\users\satou\documents\github\nippon_paint\ftpdll\x64\debug\thr_launcher.obj
c:\users\satou\documents\github\nippon_paint\ftpdll\x64\debug\thr_function.obj
c:\users\satou\documents\github\nippon_paint\ftpdll\x64\debug\seqwaiting.obj
c:\users\satou\documents\github\nippon_paint\ftpdll\x64\debug\seqtype.obj
c:\users\satou\documents\github\nippon_paint\ftpdll\x64\debug\seqsyst.obj
c:\users\satou\documents\github\nippon_paint\ftpdll\x64\debug\seqstor2.obj
c:\users\satou\documents\github\nippon_paint\ftpdll\x64\debug\seqstor.obj
c:\users\satou\documents\github\nippon_paint\ftpdll\x64\debug\seqretr.obj
c:\users\satou\documents\github\nippon_paint\ftpdll\x64\debug\seqrestart.obj
c:\users\satou\documents\github\nippon_paint\ftpdll\x64\debug\seqpwd.obj
c:\users\satou\documents\github\nippon_paint\ftpdll\x64\debug\seqport.obj
c:\users\satou\documents\github\nippon_paint\ftpdll\x64\debug\seqpasv.obj
c:\users\satou\documents\github\nippon_paint\ftpdll\x64\debug\winec.obj
c:\users\satou\documents\github\nippon_paint\x64\debug\ftpdll.lib
c:\users\satou\documents\github\nippon_paint\x64\debug\ftpdll.exp
c:\users\satou\documents\github\nippon_paint\ftpdll\x64\debug\ftpdll.ilk
c:\users\satou\documents\github\nippon_paint\x64\debug\ftpdll.dll
c:\users\satou\documents\github\nippon_paint\x64\debug\ftpdll.pdb
c:\users\satou\documents\github\nippon_paint\ftpdll\x64\debug\ftpdll.tlog\cl.command.1.tlog
c:\users\satou\documents\github\nippon_paint\ftpdll\x64\debug\ftpdll.tlog\cl.read.1.tlog
c:\users\satou\documents\github\nippon_paint\ftpdll\x64\debug\ftpdll.tlog\cl.write.1.tlog
c:\users\satou\documents\github\nippon_paint\ftpdll\x64\debug\ftpdll.tlog\ftpdll.write.1u.tlog
c:\users\satou\documents\github\nippon_paint\ftpdll\x64\debug\ftpdll.tlog\link.command.1.tlog
c:\users\satou\documents\github\nippon_paint\ftpdll\x64\debug\ftpdll.tlog\link.read.1.tlog
c:\users\satou\documents\github\nippon_paint\ftpdll\x64\debug\ftpdll.tlog\link.write.1.tlog
